0 info it worked if it ends with ok
1 verbose cli [ '/usr/local/bin/node', '/usr/local/bin/npm', 'run', 'watch' ]
2 info using npm@2.14.2
3 info using node@v0.12.2
4 verbose run-script [ 'prewatch', 'watch', 'postwatch' ]
5 info prewatch fastcashmoneyplus.biz@0.1.0
6 info watch fastcashmoneyplus.biz@0.1.0
7 verbose unsafe-perm in lifecycle true
8 info fastcashmoneyplus.biz@0.1.0 Failed to exec watch script
9 verbose stack Error: fastcashmoneyplus.biz@0.1.0 watch: `rm ./build/* && webpack -watch`
9 verbose stack Exit status 1
9 verbose stack     at EventEmitter.<anonymous> (/usr/local/lib/node_modules/npm/lib/utils/lifecycle.js:214:16)
9 verbose stack     at EventEmitter.emit (events.js:110:17)
9 verbose stack     at ChildProcess.<anonymous> (/usr/local/lib/node_modules/npm/lib/utils/spawn.js:24:14)
9 verbose stack     at ChildProcess.emit (events.js:110:17)
9 verbose stack     at maybeClose (child_process.js:1015:16)
9 verbose stack     at Process.ChildProcess._handle.onexit (child_process.js:1087:5)
10 verbose pkgid fastcashmoneyplus.biz@0.1.0
11 verbose cwd /Users/spikelny/Desktop/projects/art/fastcash
12 error Darwin 14.1.0
13 error argv "/usr/local/bin/node" "/usr/local/bin/npm" "run" "watch"
14 error node v0.12.2
15 error npm  v2.14.2
16 error code ELIFECYCLE
17 error fastcashmoneyplus.biz@0.1.0 watch: `rm ./build/* && webpack -watch`
17 error Exit status 1
18 error Failed at the fastcashmoneyplus.biz@0.1.0 watch script 'rm ./build/* && webpack -watch'.
18 error This is most likely a problem with the fastcashmoneyplus.biz package,
18 error not with npm itself.
18 error Tell the author that this fails on your system:
18 error     rm ./build/* && webpack -watch
18 error You can get their info via:
18 error     npm owner ls fastcashmoneyplus.biz
18 error There is likely additional logging output above.
19 verbose exit [ 1, true ]
